<?xml version="1.0" encoding="UTF-8"?>
<testng-results ignored="0" total="1" passed="1" failed="0" skipped="0">
  <reporter-output>
  </reporter-output>
  <suite started-at="2025-06-02T00:02:58 IST" name="Default suite" finished-at="2025-06-02T00:03:04 IST" duration-ms="5933">
    <groups>
    </groups>
    <test started-at="2025-06-02T00:02:58 IST" name="Default test" finished-at="2025-06-02T00:03:04 IST" duration-ms="5933">
      <class name="org.api.servicenow.oauth.OauthCreation">
        <test-method is-config="true" signature="preCondition()[pri:0, instance:org.api.servicenow.oauth.OauthCreation@1b11171f]" started-at="2025-06-02T00:02:58 IST" name="preCondition" finished-at="2025-06-02T00:02:59 IST" duration-ms="584" status="PASS">
          <reporter-output>
          </reporter-output>
        </test-method> <!-- preCondition -->
        <test-method is-config="true" signature="generateBearerToken()[pri:0, instance:org.api.servicenow.oauth.OauthCreation@1b11171f]" started-at="2025-06-02T00:02:59 IST" name="generateBearerToken" finished-at="2025-06-02T00:03:03 IST" duration-ms="3723" status="PASS">
          <reporter-output>
          </reporter-output>
        </test-method> <!-- generateBearerToken -->
        <test-method signature="createIncidentUsingBearerToken()[pri:0, instance:org.api.servicenow.oauth.OauthCreation@1b11171f]" started-at="2025-06-02T00:03:03 IST" name="createIncidentUsingBearerToken" finished-at="2025-06-02T00:03:04 IST" duration-ms="1563" status="PASS">
          <reporter-output>
          </reporter-output>
        </test-method> <!-- createIncidentUsingBearerToken -->
        <test-method is-config="true" signature="postCondition()[pri:0, instance:org.api.servicenow.oauth.OauthCreation@1b11171f]" started-at="2025-06-02T00:03:04 IST" name="postCondition" finished-at="2025-06-02T00:03:04 IST" duration-ms="4" status="PASS">
          <reporter-output>
          </reporter-output>
        </test-method> <!-- postCondition -->
      </class> <!-- org.api.servicenow.oauth.OauthCreation -->
    </test> <!-- Default test -->
  </suite> <!-- Default suite -->
</testng-results>
